<?xml version="1.0" encoding="UTF-8"?>
<testsuites>
  <testsuite name="alltests" tests="320" assertions="362" errors="0" failures="0" skipped="0" time="1.724663">
    <testsuite name="Missing_data_updater_test" file="/Applications/MAMP/htdocs/umpire/application/tests/models/Missing_data_updater_test.php" tests="14" assertions="20" errors="0" failures="0" skipped="0" time="0.094074">
      <testcase name="test_GetPossibleLeaguesForComp" class="Missing_data_updater_test" classname="Missing_data_updater_test" file="/Applications/MAMP/htdocs/umpire/application/tests/models/Missing_data_updater_test.php" line="12" assertions="2" time="0.016193"/>
      <testcase name="test_GetClubsForTeam" class="Missing_data_updater_test" classname="Missing_data_updater_test" file="/Applications/MAMP/htdocs/umpire/application/tests/models/Missing_data_updater_test.php" line="23" assertions="2" time="0.005974"/>
      <testcase name="test_GetRegions" class="Missing_data_updater_test" classname="Missing_data_updater_test" file="/Applications/MAMP/htdocs/umpire/application/tests/models/Missing_data_updater_test.php" line="34" assertions="2" time="0.005885"/>
      <testcase name="test_GetAgeGroups" class="Missing_data_updater_test" classname="Missing_data_updater_test" file="/Applications/MAMP/htdocs/umpire/application/tests/models/Missing_data_updater_test.php" line="45" assertions="2" time="0.006009"/>
      <testcase name="test_GetShortLeagueNames" class="Missing_data_updater_test" classname="Missing_data_updater_test" file="/Applications/MAMP/htdocs/umpire/application/tests/models/Missing_data_updater_test.php" line="56" assertions="2" time="0.006801"/>
      <testcase name="test_GetDivisions" class="Missing_data_updater_test" classname="Missing_data_updater_test" file="/Applications/MAMP/htdocs/umpire/application/tests/models/Missing_data_updater_test.php" line="67" assertions="2" time="0.006444"/>
      <testcase name="test_UpdateSingleCompetition" class="Missing_data_updater_test" classname="Missing_data_updater_test" file="/Applications/MAMP/htdocs/umpire/application/tests/models/Missing_data_updater_test.php" line="78" assertions="1" time="0.005470"/>
      <testcase name="test_InsertNewLeague" class="Missing_data_updater_test" classname="Missing_data_updater_test" file="/Applications/MAMP/htdocs/umpire/application/tests/models/Missing_data_updater_test.php" line="88" assertions="1" time="0.005750"/>
      <testcase name="test_updateTeamAndClubData_OneTeamInsert" class="Missing_data_updater_test" classname="Missing_data_updater_test" file="/Applications/MAMP/htdocs/umpire/application/tests/models/Missing_data_updater_test.php" line="100" assertions="1" time="0.005765"/>
      <testcase name="test_updateTeamAndClubData_TwoTeamsInsert" class="Missing_data_updater_test" classname="Missing_data_updater_test" file="/Applications/MAMP/htdocs/umpire/application/tests/models/Missing_data_updater_test.php" line="123" assertions="1" time="0.006271"/>
      <testcase name="test_updateTeamAndClubData_OneTeamUpdate" class="Missing_data_updater_test" classname="Missing_data_updater_test" file="/Applications/MAMP/htdocs/umpire/application/tests/models/Missing_data_updater_test.php" line="147" assertions="1" time="0.006652"/>
      <testcase name="test_updateTeamAndClubData_TwoTeamsUpdate" class="Missing_data_updater_test" classname="Missing_data_updater_test" file="/Applications/MAMP/htdocs/umpire/application/tests/models/Missing_data_updater_test.php" line="170" assertions="1" time="0.005434"/>
      <testcase name="test_updateTeamAndClubData_MissingValues" class="Missing_data_updater_test" classname="Missing_data_updater_test" file="/Applications/MAMP/htdocs/umpire/application/tests/models/Missing_data_updater_test.php" line="193" assertions="1" time="0.005771"/>
      <testcase name="test_updateTeamAndClubData_NoCompetition" class="Missing_data_updater_test" classname="Missing_data_updater_test" file="/Applications/MAMP/htdocs/umpire/application/tests/models/Missing_data_updater_test.php" line="208" assertions="1" time="0.005655"/>
    </testsuite>
    <testsuite name="Report1_test" file="/Applications/MAMP/htdocs/umpire/application/tests/models/Report1_test.php" tests="6" assertions="6" errors="0" failures="0" skipped="0" time="0.046631">
      <testcase name="test_GetDataQuery" class="Report1_test" classname="Report1_test" file="/Applications/MAMP/htdocs/umpire/application/tests/models/Report1_test.php" line="10" assertions="1" time="0.013328"/>
      <testcase name="test_GetReportColumnQuery" class="Report1_test" classname="Report1_test" file="/Applications/MAMP/htdocs/umpire/application/tests/models/Report1_test.php" line="32" assertions="1" time="0.006153"/>
      <testcase name="test_GetDataQueryNullParam" class="Report1_test" classname="Report1_test" file="/Applications/MAMP/htdocs/umpire/application/tests/models/Report1_test.php" line="52" assertions="1" time="0.006527"/>
      <testcase name="test_GetDataQueryEmptyParam" class="Report1_test" classname="Report1_test" file="/Applications/MAMP/htdocs/umpire/application/tests/models/Report1_test.php" line="71" assertions="1" time="0.007140"/>
      <testcase name="test_GetReportColumnQueryNullParam" class="Report1_test" classname="Report1_test" file="/Applications/MAMP/htdocs/umpire/application/tests/models/Report1_test.php" line="90" assertions="1" time="0.006625"/>
      <testcase name="test_GetReportColumnQueryEmptyParam" class="Report1_test" classname="Report1_test" file="/Applications/MAMP/htdocs/umpire/application/tests/models/Report1_test.php" line="108" assertions="1" time="0.006858"/>
    </testsuite>
    <testsuite name="Report2_test" file="/Applications/MAMP/htdocs/umpire/application/tests/models/Report2_test.php" tests="6" assertions="6" errors="0" failures="0" skipped="0" time="0.038571">
      <testcase name="test_GetDataQuery" class="Report2_test" classname="Report2_test" file="/Applications/MAMP/htdocs/umpire/application/tests/models/Report2_test.php" line="10" assertions="1" time="0.006129"/>
      <testcase name="test_GetReportColumnQuery" class="Report2_test" classname="Report2_test" file="/Applications/MAMP/htdocs/umpire/application/tests/models/Report2_test.php" line="37" assertions="1" time="0.007051"/>
      <testcase name="test_GetDataQueryNullParam" class="Report2_test" classname="Report2_test" file="/Applications/MAMP/htdocs/umpire/application/tests/models/Report2_test.php" line="58" assertions="1" time="0.006573"/>
      <testcase name="test_GetDataQueryEmptyParam" class="Report2_test" classname="Report2_test" file="/Applications/MAMP/htdocs/umpire/application/tests/models/Report2_test.php" line="77" assertions="1" time="0.006338"/>
      <testcase name="test_GetReportColumnQueryNullParam" class="Report2_test" classname="Report2_test" file="/Applications/MAMP/htdocs/umpire/application/tests/models/Report2_test.php" line="96" assertions="1" time="0.006036"/>
      <testcase name="test_GetReportColumnQueryEmptyParam" class="Report2_test" classname="Report2_test" file="/Applications/MAMP/htdocs/umpire/application/tests/models/Report2_test.php" line="114" assertions="1" time="0.006444"/>
    </testsuite>
    <testsuite name="Report3_test" file="/Applications/MAMP/htdocs/umpire/application/tests/models/Report3_test.php" tests="6" assertions="6" errors="0" failures="0" skipped="0" time="0.039560">
      <testcase name="test_GetDataQuery" class="Report3_test" classname="Report3_test" file="/Applications/MAMP/htdocs/umpire/application/tests/models/Report3_test.php" line="10" assertions="1" time="0.007238"/>
      <testcase name="test_GetReportColumnQuery" class="Report3_test" classname="Report3_test" file="/Applications/MAMP/htdocs/umpire/application/tests/models/Report3_test.php" line="29" assertions="1" time="0.006125"/>
      <testcase name="test_GetDataQueryNullParam" class="Report3_test" classname="Report3_test" file="/Applications/MAMP/htdocs/umpire/application/tests/models/Report3_test.php" line="47" assertions="1" time="0.006218"/>
      <testcase name="test_GetDataQueryEmptyParam" class="Report3_test" classname="Report3_test" file="/Applications/MAMP/htdocs/umpire/application/tests/models/Report3_test.php" line="63" assertions="1" time="0.006435"/>
      <testcase name="test_GetReportColumnQueryNullParam" class="Report3_test" classname="Report3_test" file="/Applications/MAMP/htdocs/umpire/application/tests/models/Report3_test.php" line="79" assertions="1" time="0.006124"/>
      <testcase name="test_GetReportColumnQueryEmptyParam" class="Report3_test" classname="Report3_test" file="/Applications/MAMP/htdocs/umpire/application/tests/models/Report3_test.php" line="94" assertions="1" time="0.007420"/>
    </testsuite>
    <testsuite name="Report4_test" file="/Applications/MAMP/htdocs/umpire/application/tests/models/Report4_test.php" tests="6" assertions="6" errors="0" failures="0" skipped="0" time="0.037961">
      <testcase name="test_GetDataQuery" class="Report4_test" classname="Report4_test" file="/Applications/MAMP/htdocs/umpire/application/tests/models/Report4_test.php" line="10" assertions="1" time="0.006807"/>
      <testcase name="test_GetReportColumnQuery" class="Report4_test" classname="Report4_test" file="/Applications/MAMP/htdocs/umpire/application/tests/models/Report4_test.php" line="25" assertions="1" time="0.006162"/>
      <testcase name="test_GetDataQueryNullParam" class="Report4_test" classname="Report4_test" file="/Applications/MAMP/htdocs/umpire/application/tests/models/Report4_test.php" line="38" assertions="1" time="0.006183"/>
      <testcase name="test_GetDataQueryEmptyParam" class="Report4_test" classname="Report4_test" file="/Applications/MAMP/htdocs/umpire/application/tests/models/Report4_test.php" line="57" assertions="1" time="0.006126"/>
      <testcase name="test_GetReportColumnQueryNullParam" class="Report4_test" classname="Report4_test" file="/Applications/MAMP/htdocs/umpire/application/tests/models/Report4_test.php" line="76" assertions="1" time="0.006668"/>
      <testcase name="test_GetReportColumnQueryEmptyParam" class="Report4_test" classname="Report4_test" file="/Applications/MAMP/htdocs/umpire/application/tests/models/Report4_test.php" line="94" assertions="1" time="0.006015"/>
    </testsuite>
    <testsuite name="Report5_test" file="/Applications/MAMP/htdocs/umpire/application/tests/models/Report5_test.php" tests="6" assertions="6" errors="0" failures="0" skipped="0" time="0.039400">
      <testcase name="test_GetDataQuery" class="Report5_test" classname="Report5_test" file="/Applications/MAMP/htdocs/umpire/application/tests/models/Report5_test.php" line="10" assertions="1" time="0.006845"/>
      <testcase name="test_GetReportColumnQuery" class="Report5_test" classname="Report5_test" file="/Applications/MAMP/htdocs/umpire/application/tests/models/Report5_test.php" line="30" assertions="1" time="0.006343"/>
      <testcase name="test_GetDataQueryNullParam" class="Report5_test" classname="Report5_test" file="/Applications/MAMP/htdocs/umpire/application/tests/models/Report5_test.php" line="47" assertions="1" time="0.006294"/>
      <testcase name="test_GetDataQueryEmptyParam" class="Report5_test" classname="Report5_test" file="/Applications/MAMP/htdocs/umpire/application/tests/models/Report5_test.php" line="66" assertions="1" time="0.006549"/>
      <testcase name="test_GetReportColumnQueryNullParam" class="Report5_test" classname="Report5_test" file="/Applications/MAMP/htdocs/umpire/application/tests/models/Report5_test.php" line="85" assertions="1" time="0.006181"/>
      <testcase name="test_GetReportColumnQueryEmptyParam" class="Report5_test" classname="Report5_test" file="/Applications/MAMP/htdocs/umpire/application/tests/models/Report5_test.php" line="103" assertions="1" time="0.007188"/>
    </testsuite>
    <testsuite name="Report6_test" file="/Applications/MAMP/htdocs/umpire/application/tests/models/Report6_test.php" tests="6" assertions="6" errors="0" failures="0" skipped="0" time="0.038336">
      <testcase name="test_GetDataQuery" class="Report6_test" classname="Report6_test" file="/Applications/MAMP/htdocs/umpire/application/tests/models/Report6_test.php" line="10" assertions="1" time="0.006074"/>
      <testcase name="test_GetReportColumnQuery" class="Report6_test" classname="Report6_test" file="/Applications/MAMP/htdocs/umpire/application/tests/models/Report6_test.php" line="32" assertions="1" time="0.006081"/>
      <testcase name="test_GetDataQueryNullParam" class="Report6_test" classname="Report6_test" file="/Applications/MAMP/htdocs/umpire/application/tests/models/Report6_test.php" line="51" assertions="1" time="0.006453"/>
      <testcase name="test_GetDataQueryEmptyParam" class="Report6_test" classname="Report6_test" file="/Applications/MAMP/htdocs/umpire/application/tests/models/Report6_test.php" line="70" assertions="1" time="0.006425"/>
      <testcase name="test_GetReportColumnQueryNullParam" class="Report6_test" classname="Report6_test" file="/Applications/MAMP/htdocs/umpire/application/tests/models/Report6_test.php" line="89" assertions="1" time="0.007159"/>
      <testcase name="test_GetReportColumnQueryEmptyParam" class="Report6_test" classname="Report6_test" file="/Applications/MAMP/htdocs/umpire/application/tests/models/Report6_test.php" line="107" assertions="1" time="0.006144"/>
    </testsuite>
    <testsuite name="Report7_test" file="/Applications/MAMP/htdocs/umpire/application/tests/models/Report7_test.php" tests="6" assertions="6" errors="0" failures="0" skipped="0" time="0.038634">
      <testcase name="test_GetDataQuery" class="Report7_test" classname="Report7_test" file="/Applications/MAMP/htdocs/umpire/application/tests/models/Report7_test.php" line="10" assertions="1" time="0.006225"/>
      <testcase name="test_GetReportColumnQuery" class="Report7_test" classname="Report7_test" file="/Applications/MAMP/htdocs/umpire/application/tests/models/Report7_test.php" line="32" assertions="1" time="0.006059"/>
      <testcase name="test_GetDataQueryNullParam" class="Report7_test" classname="Report7_test" file="/Applications/MAMP/htdocs/umpire/application/tests/models/Report7_test.php" line="53" assertions="1" time="0.006290"/>
      <testcase name="test_GetDataQueryEmptyParam" class="Report7_test" classname="Report7_test" file="/Applications/MAMP/htdocs/umpire/application/tests/models/Report7_test.php" line="72" assertions="1" time="0.007045"/>
      <testcase name="test_GetReportColumnQueryNullParam" class="Report7_test" classname="Report7_test" file="/Applications/MAMP/htdocs/umpire/application/tests/models/Report7_test.php" line="91" assertions="1" time="0.006071"/>
      <testcase name="test_GetReportColumnQueryEmptyParam" class="Report7_test" classname="Report7_test" file="/Applications/MAMP/htdocs/umpire/application/tests/models/Report7_test.php" line="109" assertions="1" time="0.006944"/>
    </testsuite>
    <testsuite name="Report8_test" file="/Applications/MAMP/htdocs/umpire/application/tests/models/Report8_test.php" tests="6" assertions="6" errors="0" failures="0" skipped="0" time="0.038716">
      <testcase name="test_GetDataQuery" class="Report8_test" classname="Report8_test" file="/Applications/MAMP/htdocs/umpire/application/tests/models/Report8_test.php" line="10" assertions="1" time="0.006320"/>
      <testcase name="test_GetReportColumnQuery" class="Report8_test" classname="Report8_test" file="/Applications/MAMP/htdocs/umpire/application/tests/models/Report8_test.php" line="20" assertions="1" time="0.006598"/>
      <testcase name="test_GetDataQueryNullParam" class="Report8_test" classname="Report8_test" file="/Applications/MAMP/htdocs/umpire/application/tests/models/Report8_test.php" line="27" assertions="1" time="0.006657"/>
      <testcase name="test_GetDataQueryEmptyParam" class="Report8_test" classname="Report8_test" file="/Applications/MAMP/htdocs/umpire/application/tests/models/Report8_test.php" line="46" assertions="1" time="0.006050"/>
      <testcase name="test_GetReportColumnQueryNullParam" class="Report8_test" classname="Report8_test" file="/Applications/MAMP/htdocs/umpire/application/tests/models/Report8_test.php" line="65" assertions="1" time="0.006933"/>
      <testcase name="test_GetReportColumnQueryEmptyParam" class="Report8_test" classname="Report8_test" file="/Applications/MAMP/htdocs/umpire/application/tests/models/Report8_test.php" line="83" assertions="1" time="0.006158"/>
    </testsuite>
    <testsuite name="Report_display_options_test" file="/Applications/MAMP/htdocs/umpire/application/tests/models/Report_display_options_test.php" tests="14" assertions="14" errors="0" failures="0" skipped="0" time="0.085289">
      <testcase name="test_ColumnGroup" class="Report_display_options_test" classname="Report_display_options_test" file="/Applications/MAMP/htdocs/umpire/application/tests/models/Report_display_options_test.php" line="10" assertions="1" time="0.005961"/>
      <testcase name="test_RowGroup" class="Report_display_options_test" classname="Report_display_options_test" file="/Applications/MAMP/htdocs/umpire/application/tests/models/Report_display_options_test.php" line="16" assertions="1" time="0.005749"/>
      <testcase name="test_FieldToDisplay" class="Report_display_options_test" classname="Report_display_options_test" file="/Applications/MAMP/htdocs/umpire/application/tests/models/Report_display_options_test.php" line="22" assertions="1" time="0.006564"/>
      <testcase name="test_NoDataValue" class="Report_display_options_test" classname="Report_display_options_test" file="/Applications/MAMP/htdocs/umpire/application/tests/models/Report_display_options_test.php" line="28" assertions="1" time="0.006525"/>
      <testcase name="test_MergeColumnGroup" class="Report_display_options_test" classname="Report_display_options_test" file="/Applications/MAMP/htdocs/umpire/application/tests/models/Report_display_options_test.php" line="34" assertions="1" time="0.005606"/>
      <testcase name="test_ColourCells" class="Report_display_options_test" classname="Report_display_options_test" file="/Applications/MAMP/htdocs/umpire/application/tests/models/Report_display_options_test.php" line="40" assertions="1" time="0.005669"/>
      <testcase name="test_ColumnHeadingLabel" class="Report_display_options_test" classname="Report_display_options_test" file="/Applications/MAMP/htdocs/umpire/application/tests/models/Report_display_options_test.php" line="46" assertions="1" time="0.006869"/>
      <testcase name="test_FirstColumnFormat" class="Report_display_options_test" classname="Report_display_options_test" file="/Applications/MAMP/htdocs/umpire/application/tests/models/Report_display_options_test.php" line="52" assertions="1" time="0.005622"/>
      <testcase name="test_ColumnHeadingSizeText" class="Report_display_options_test" classname="Report_display_options_test" file="/Applications/MAMP/htdocs/umpire/application/tests/models/Report_display_options_test.php" line="58" assertions="1" time="0.006178"/>
      <testcase name="test_PDFResolution" class="Report_display_options_test" classname="Report_display_options_test" file="/Applications/MAMP/htdocs/umpire/application/tests/models/Report_display_options_test.php" line="64" assertions="1" time="0.005720"/>
      <testcase name="test_PDFPaperSize" class="Report_display_options_test" classname="Report_display_options_test" file="/Applications/MAMP/htdocs/umpire/application/tests/models/Report_display_options_test.php" line="70" assertions="1" time="0.005718"/>
      <testcase name="test_PDFOrientation" class="Report_display_options_test" classname="Report_display_options_test" file="/Applications/MAMP/htdocs/umpire/application/tests/models/Report_display_options_test.php" line="76" assertions="1" time="0.006953"/>
      <testcase name="test_LastGameDate" class="Report_display_options_test" classname="Report_display_options_test" file="/Applications/MAMP/htdocs/umpire/application/tests/models/Report_display_options_test.php" line="82" assertions="1" time="0.005640"/>
      <testcase name="test_CreateObject" class="Report_display_options_test" classname="Report_display_options_test" file="/Applications/MAMP/htdocs/umpire/application/tests/models/Report_display_options_test.php" line="88" assertions="1" time="0.006515"/>
    </testsuite>
    <testsuite name="Report_factory_test" file="/Applications/MAMP/htdocs/umpire/application/tests/models/Report_factory_test.php" tests="13" assertions="13" errors="0" failures="0" skipped="0" time="0.073292">
      <testcase name="test_Report1" class="Report_factory_test" classname="Report_factory_test" file="/Applications/MAMP/htdocs/umpire/application/tests/models/Report_factory_test.php" line="17" assertions="1" time="0.005666"/>
      <testcase name="test_Report2" class="Report_factory_test" classname="Report_factory_test" file="/Applications/MAMP/htdocs/umpire/application/tests/models/Report_factory_test.php" line="22" assertions="1" time="0.005219"/>
      <testcase name="test_Report3" class="Report_factory_test" classname="Report_factory_test" file="/Applications/MAMP/htdocs/umpire/application/tests/models/Report_factory_test.php" line="27" assertions="1" time="0.006027"/>
      <testcase name="test_Report4" class="Report_factory_test" classname="Report_factory_test" file="/Applications/MAMP/htdocs/umpire/application/tests/models/Report_factory_test.php" line="32" assertions="1" time="0.005706"/>
      <testcase name="test_Report5" class="Report_factory_test" classname="Report_factory_test" file="/Applications/MAMP/htdocs/umpire/application/tests/models/Report_factory_test.php" line="37" assertions="1" time="0.005252"/>
      <testcase name="test_Report6" class="Report_factory_test" classname="Report_factory_test" file="/Applications/MAMP/htdocs/umpire/application/tests/models/Report_factory_test.php" line="42" assertions="1" time="0.005413"/>
      <testcase name="test_Report7" class="Report_factory_test" classname="Report_factory_test" file="/Applications/MAMP/htdocs/umpire/application/tests/models/Report_factory_test.php" line="47" assertions="1" time="0.005266"/>
      <testcase name="test_Report8" class="Report_factory_test" classname="Report_factory_test" file="/Applications/MAMP/htdocs/umpire/application/tests/models/Report_factory_test.php" line="52" assertions="1" time="0.005799"/>
      <testcase name="test_Report9" class="Report_factory_test" classname="Report_factory_test" file="/Applications/MAMP/htdocs/umpire/application/tests/models/Report_factory_test.php" line="57" assertions="1" time="0.007658"/>
      <testcase name="test_ReportDecimal" class="Report_factory_test" classname="Report_factory_test" file="/Applications/MAMP/htdocs/umpire/application/tests/models/Report_factory_test.php" line="62" assertions="1" time="0.005328"/>
      <testcase name="test_ReportZero" class="Report_factory_test" classname="Report_factory_test" file="/Applications/MAMP/htdocs/umpire/application/tests/models/Report_factory_test.php" line="67" assertions="1" time="0.005288"/>
      <testcase name="test_ReportText" class="Report_factory_test" classname="Report_factory_test" file="/Applications/MAMP/htdocs/umpire/application/tests/models/Report_factory_test.php" line="72" assertions="1" time="0.005280"/>
      <testcase name="test_ReportNull" class="Report_factory_test" classname="Report_factory_test" file="/Applications/MAMP/htdocs/umpire/application/tests/models/Report_factory_test.php" line="77" assertions="1" time="0.005390"/>
    </testsuite>
    <testsuite name="Report_filter_parameter_test" file="/Applications/MAMP/htdocs/umpire/application/tests/models/Report_filter_parameter_test.php" tests="15" assertions="15" errors="0" failures="0" skipped="0" time="0.079518">
      <testcase name="test_dummy" class="Report_filter_parameter_test" classname="Report_filter_parameter_test" file="/Applications/MAMP/htdocs/umpire/application/tests/models/Report_filter_parameter_test.php" line="9" assertions="1" time="0.005366"/>
      <testcase name="test_createFilterParameter_ValuesOKSQL" class="Report_filter_parameter_test" classname="Report_filter_parameter_test" file="/Applications/MAMP/htdocs/umpire/application/tests/models/Report_filter_parameter_test.php" line="13" assertions="1" time="0.005078"/>
      <testcase name="test_createFilterParameter_ValuesOKDisplay" class="Report_filter_parameter_test" classname="Report_filter_parameter_test" file="/Applications/MAMP/htdocs/umpire/application/tests/models/Report_filter_parameter_test.php" line="23" assertions="1" time="0.005032"/>
      <testcase name="test_createFilterParameter_SingleValueSQL" class="Report_filter_parameter_test" classname="Report_filter_parameter_test" file="/Applications/MAMP/htdocs/umpire/application/tests/models/Report_filter_parameter_test.php" line="33" assertions="1" time="0.005877"/>
      <testcase name="test_createFilterParameter_SingleValueDisplay" class="Report_filter_parameter_test" classname="Report_filter_parameter_test" file="/Applications/MAMP/htdocs/umpire/application/tests/models/Report_filter_parameter_test.php" line="43" assertions="1" time="0.005068"/>
      <testcase name="test_createFilterParameter_ValuesOKPDFSQL" class="Report_filter_parameter_test" classname="Report_filter_parameter_test" file="/Applications/MAMP/htdocs/umpire/application/tests/models/Report_filter_parameter_test.php" line="55" assertions="1" time="0.005118"/>
      <testcase name="test_createFilterParameter_SingleValuePDFSQL" class="Report_filter_parameter_test" classname="Report_filter_parameter_test" file="/Applications/MAMP/htdocs/umpire/application/tests/models/Report_filter_parameter_test.php" line="84" assertions="1" time="0.005365"/>
      <testcase name="test_createFilterParameter_SeveralValuesRegionSQL" class="Report_filter_parameter_test" classname="Report_filter_parameter_test" file="/Applications/MAMP/htdocs/umpire/application/tests/models/Report_filter_parameter_test.php" line="105" assertions="1" time="0.005654"/>
      <testcase name="test_createFilterParameter_SeveralValuesRegionDisplay" class="Report_filter_parameter_test" classname="Report_filter_parameter_test" file="/Applications/MAMP/htdocs/umpire/application/tests/models/Report_filter_parameter_test.php" line="115" assertions="1" time="0.005259"/>
      <testcase name="test_createFilterParameter_SingleArrayValueRegionSQL" class="Report_filter_parameter_test" classname="Report_filter_parameter_test" file="/Applications/MAMP/htdocs/umpire/application/tests/models/Report_filter_parameter_test.php" line="125" assertions="1" time="0.005972"/>
      <testcase name="test_createFilterParameter_SingleArrayValueRegionDisplay" class="Report_filter_parameter_test" classname="Report_filter_parameter_test" file="/Applications/MAMP/htdocs/umpire/application/tests/models/Report_filter_parameter_test.php" line="135" assertions="1" time="0.005191"/>
      <testcase name="test_createFilterParameter_SingleValueRegionSQL" class="Report_filter_parameter_test" classname="Report_filter_parameter_test" file="/Applications/MAMP/htdocs/umpire/application/tests/models/Report_filter_parameter_test.php" line="145" assertions="1" time="0.004981"/>
      <testcase name="test_createFilterParameter_SingleValueRegionDisplay" class="Report_filter_parameter_test" classname="Report_filter_parameter_test" file="/Applications/MAMP/htdocs/umpire/application/tests/models/Report_filter_parameter_test.php" line="155" assertions="1" time="0.005021"/>
      <testcase name="test_createFilterParameter_StringSQL" class="Report_filter_parameter_test" classname="Report_filter_parameter_test" file="/Applications/MAMP/htdocs/umpire/application/tests/models/Report_filter_parameter_test.php" line="165" assertions="1" time="0.005081"/>
      <testcase name="test_createFilterParameter_EmptyArraySQL" class="Report_filter_parameter_test" classname="Report_filter_parameter_test" file="/Applications/MAMP/htdocs/umpire/application/tests/models/Report_filter_parameter_test.php" line="173" assertions="1" time="0.005455"/>
    </testsuite>
    <testsuite name="Report_grouping_structure_test" file="/Applications/MAMP/htdocs/umpire/application/tests/models/Report_grouping_structure_test.php" tests="10" assertions="10" errors="0" failures="0" skipped="0" time="0.045466">
      <testcase name="test_ObjectType" class="Report_grouping_structure_test" classname="Report_grouping_structure_test" file="/Applications/MAMP/htdocs/umpire/application/tests/models/Report_grouping_structure_test.php" line="8" assertions="1" time="0.005140"/>
      <testcase name="test_ReportGroupingStructureID" class="Report_grouping_structure_test" classname="Report_grouping_structure_test" file="/Applications/MAMP/htdocs/umpire/application/tests/models/Report_grouping_structure_test.php" line="15" assertions="1" time="0.004293"/>
      <testcase name="test_GroupingType" class="Report_grouping_structure_test" classname="Report_grouping_structure_test" file="/Applications/MAMP/htdocs/umpire/application/tests/models/Report_grouping_structure_test.php" line="23" assertions="1" time="0.004259"/>
      <testcase name="test_FieldName" class="Report_grouping_structure_test" classname="Report_grouping_structure_test" file="/Applications/MAMP/htdocs/umpire/application/tests/models/Report_grouping_structure_test.php" line="31" assertions="1" time="0.004341"/>
      <testcase name="test_FieldGroupOrder" class="Report_grouping_structure_test" classname="Report_grouping_structure_test" file="/Applications/MAMP/htdocs/umpire/application/tests/models/Report_grouping_structure_test.php" line="40" assertions="1" time="0.004560"/>
      <testcase name="test_MergeField" class="Report_grouping_structure_test" classname="Report_grouping_structure_test" file="/Applications/MAMP/htdocs/umpire/application/tests/models/Report_grouping_structure_test.php" line="49" assertions="1" time="0.004461"/>
      <testcase name="test_GroupHeading" class="Report_grouping_structure_test" classname="Report_grouping_structure_test" file="/Applications/MAMP/htdocs/umpire/application/tests/models/Report_grouping_structure_test.php" line="58" assertions="1" time="0.004409"/>
      <testcase name="test_GroupSizeText" class="Report_grouping_structure_test" classname="Report_grouping_structure_test" file="/Applications/MAMP/htdocs/umpire/application/tests/models/Report_grouping_structure_test.php" line="67" assertions="1" time="0.005359"/>
      <testcase name="test_NullParams" class="Report_grouping_structure_test" classname="Report_grouping_structure_test" file="/Applications/MAMP/htdocs/umpire/application/tests/models/Report_grouping_structure_test.php" line="75" assertions="1" time="0.004345"/>
      <testcase name="test_EmptyStringParams" class="Report_grouping_structure_test" classname="Report_grouping_structure_test" file="/Applications/MAMP/htdocs/umpire/application/tests/models/Report_grouping_structure_test.php" line="83" assertions="1" time="0.004298"/>
    </testsuite>
    <testsuite name="Report_instance_test" file="/Applications/MAMP/htdocs/umpire/application/tests/models/Report_instance_test.php" tests="2" assertions="4" errors="0" failures="0" skipped="0" time="0.065248">
      <testcase name="test_SetReportType" class="Report_instance_test" classname="Report_instance_test" file="/Applications/MAMP/htdocs/umpire/application/tests/models/Report_instance_test.php" line="10" assertions="3" time="0.005989"/>
      <testcase name="test_LoadReportResults" class="Report_instance_test" classname="Report_instance_test" file="/Applications/MAMP/htdocs/umpire/application/tests/models/Report_instance_test.php" line="39" assertions="1" time="0.059259"/>
    </testsuite>
    <testsuite name="Report_param_loader_test" file="/Applications/MAMP/htdocs/umpire/application/tests/models/Report_param_loader_test.php" tests="7" assertions="8" errors="0" failures="0" skipped="0" time="0.041018">
      <testcase name="test_GetReportParameter" class="Report_param_loader_test" classname="Report_param_loader_test" file="/Applications/MAMP/htdocs/umpire/application/tests/models/Report_param_loader_test.php" line="12" assertions="1" time="0.007991"/>
      <testcase name="test_GetReportGroupingStructureArray" class="Report_param_loader_test" classname="Report_param_loader_test" file="/Applications/MAMP/htdocs/umpire/application/tests/models/Report_param_loader_test.php" line="19" assertions="2" time="0.005376"/>
      <testcase name="test_loadAllParametersTest" class="Report_param_loader_test" classname="Report_param_loader_test" file="/Applications/MAMP/htdocs/umpire/application/tests/models/Report_param_loader_test.php" line="30" assertions="1" time="0.005176"/>
      <testcase name="test_loadAllParametersTestV2" class="Report_param_loader_test" classname="Report_param_loader_test" file="/Applications/MAMP/htdocs/umpire/application/tests/models/Report_param_loader_test.php" line="41" assertions="1" time="0.005182"/>
      <testcase name="test_loadAllParametersTestNotFound" class="Report_param_loader_test" classname="Report_param_loader_test" file="/Applications/MAMP/htdocs/umpire/application/tests/models/Report_param_loader_test.php" line="52" assertions="1" time="0.005282"/>
      <testcase name="test_loadAllGroupingStructuresForReport" class="Report_param_loader_test" classname="Report_param_loader_test" file="/Applications/MAMP/htdocs/umpire/application/tests/models/Report_param_loader_test.php" line="60" assertions="1" time="0.005657"/>
      <testcase name="test_loadAllGroupingStructuresForReportNotFound" class="Report_param_loader_test" classname="Report_param_loader_test" file="/Applications/MAMP/htdocs/umpire/application/tests/models/Report_param_loader_test.php" line="71" assertions="1" time="0.006354"/>
    </testsuite>
    <testsuite name="Report_parameter_test" file="/Applications/MAMP/htdocs/umpire/application/tests/models/Report_parameter_test.php" tests="8" assertions="8" errors="0" failures="0" skipped="0" time="0.036449">
      <testcase name="test_ReportTitle" class="Report_parameter_test" classname="Report_parameter_test" file="/Applications/MAMP/htdocs/umpire/application/tests/models/Report_parameter_test.php" line="20" assertions="1" time="0.004331"/>
      <testcase name="test_ValueFieldID" class="Report_parameter_test" classname="Report_parameter_test" file="/Applications/MAMP/htdocs/umpire/application/tests/models/Report_parameter_test.php" line="27" assertions="1" time="0.004483"/>
      <testcase name="test_NoValueDisplay" class="Report_parameter_test" classname="Report_parameter_test" file="/Applications/MAMP/htdocs/umpire/application/tests/models/Report_parameter_test.php" line="34" assertions="1" time="0.004348"/>
      <testcase name="test_FirstColumnFormat" class="Report_parameter_test" classname="Report_parameter_test" file="/Applications/MAMP/htdocs/umpire/application/tests/models/Report_parameter_test.php" line="41" assertions="1" time="0.004328"/>
      <testcase name="test_ColourCells" class="Report_parameter_test" classname="Report_parameter_test" file="/Applications/MAMP/htdocs/umpire/application/tests/models/Report_parameter_test.php" line="48" assertions="1" time="0.004283"/>
      <testcase name="test_PDFOrientation" class="Report_parameter_test" classname="Report_parameter_test" file="/Applications/MAMP/htdocs/umpire/application/tests/models/Report_parameter_test.php" line="55" assertions="1" time="0.004365"/>
      <testcase name="test_PDFPaperSize" class="Report_parameter_test" classname="Report_parameter_test" file="/Applications/MAMP/htdocs/umpire/application/tests/models/Report_parameter_test.php" line="62" assertions="1" time="0.004555"/>
      <testcase name="test_PDFResolution" class="Report_parameter_test" classname="Report_parameter_test" file="/Applications/MAMP/htdocs/umpire/application/tests/models/Report_parameter_test.php" line="69" assertions="1" time="0.005756"/>
    </testsuite>
    <testsuite name="Report_populator_model_test" file="/Applications/MAMP/htdocs/umpire/application/tests/models/Report_populator_model_test.php" tests="1" assertions="1" errors="0" failures="0" skipped="0" time="0.007069">
      <testcase name="test_dummy" class="Report_populator_model_test" classname="Report_populator_model_test" file="/Applications/MAMP/htdocs/umpire/application/tests/models/Report_populator_model_test.php" line="10" assertions="1" time="0.007069"/>
    </testsuite>
    <testsuite name="Report_selection_parameter_test" file="/Applications/MAMP/htdocs/umpire/application/tests/models/Report_selection_parameter_test.php" tests="8" assertions="14" errors="0" failures="0" skipped="0" time="0.044875">
      <testcase name="test_createReportSelectionParameterID" class="Report_selection_parameter_test" classname="Report_selection_parameter_test" file="/Applications/MAMP/htdocs/umpire/application/tests/models/Report_selection_parameter_test.php" line="8" assertions="1" time="0.005816"/>
      <testcase name="test_createReportSelectionParameterName" class="Report_selection_parameter_test" classname="Report_selection_parameter_test" file="/Applications/MAMP/htdocs/umpire/application/tests/models/Report_selection_parameter_test.php" line="20" assertions="1" time="0.005374"/>
      <testcase name="test_createReportSelectionParameterDisplayOrder" class="Report_selection_parameter_test" classname="Report_selection_parameter_test" file="/Applications/MAMP/htdocs/umpire/application/tests/models/Report_selection_parameter_test.php" line="32" assertions="1" time="0.005458"/>
      <testcase name="test_createReportSelectionParameterAllowMultiple" class="Report_selection_parameter_test" classname="Report_selection_parameter_test" file="/Applications/MAMP/htdocs/umpire/application/tests/models/Report_selection_parameter_test.php" line="44" assertions="1" time="0.005493"/>
      <testcase name="test_createReportSelectionParameterIDNull" class="Report_selection_parameter_test" classname="Report_selection_parameter_test" file="/Applications/MAMP/htdocs/umpire/application/tests/models/Report_selection_parameter_test.php" line="56" assertions="1" time="0.005503"/>
      <testcase name="test_createReportSelectionParameterIDEmpty" class="Report_selection_parameter_test" classname="Report_selection_parameter_test" file="/Applications/MAMP/htdocs/umpire/application/tests/models/Report_selection_parameter_test.php" line="68" assertions="1" time="0.005923"/>
      <testcase name="test_initialiseSelectableReportOptions_OneValue" class="Report_selection_parameter_test" classname="Report_selection_parameter_test" file="/Applications/MAMP/htdocs/umpire/application/tests/models/Report_selection_parameter_test.php" line="80" assertions="3" time="0.005574"/>
      <testcase name="test_initialiseSelectableReportOptions_TwoValues" class="Report_selection_parameter_test" classname="Report_selection_parameter_test" file="/Applications/MAMP/htdocs/umpire/application/tests/models/Report_selection_parameter_test.php" line="107" assertions="5" time="0.005734"/>
    </testsuite>
    <testsuite name="Report_selection_test" file="/Applications/MAMP/htdocs/umpire/application/tests/models/Report_selection_test.php" tests="19" assertions="19" errors="0" failures="0" skipped="0" time="0.086615">
      <testcase name="test_CreateReportSelection" class="Report_selection_test" classname="Report_selection_test" file="/Applications/MAMP/htdocs/umpire/application/tests/models/Report_selection_test.php" line="8" assertions="1" time="0.004768"/>
      <testcase name="test_CreateReportSelectionEmptyID" class="Report_selection_test" classname="Report_selection_test" file="/Applications/MAMP/htdocs/umpire/application/tests/models/Report_selection_test.php" line="22" assertions="1" time="0.004568"/>
      <testcase name="test_CreateReportSelectionNullID" class="Report_selection_test" classname="Report_selection_test" file="/Applications/MAMP/htdocs/umpire/application/tests/models/Report_selection_test.php" line="35" assertions="1" time="0.005100"/>
      <testcase name="test_CreateReportSelectionTextID" class="Report_selection_test" classname="Report_selection_test" file="/Applications/MAMP/htdocs/umpire/application/tests/models/Report_selection_test.php" line="48" assertions="1" time="0.004830"/>
      <testcase name="test_CreateReportSelectionZeroEnabled" class="Report_selection_test" classname="Report_selection_test" file="/Applications/MAMP/htdocs/umpire/application/tests/models/Report_selection_test.php" line="61" assertions="1" time="0.004367"/>
      <testcase name="test_CreateReportSelectionRegionEnabledTwo" class="Report_selection_test" classname="Report_selection_test" file="/Applications/MAMP/htdocs/umpire/application/tests/models/Report_selection_test.php" line="75" assertions="1" time="0.004241"/>
      <testcase name="test_CreateReportSelectionLeagueEnabledTwo" class="Report_selection_test" classname="Report_selection_test" file="/Applications/MAMP/htdocs/umpire/application/tests/models/Report_selection_test.php" line="88" assertions="1" time="0.004514"/>
      <testcase name="test_CreateReportSelectionAgeGroupEnabledTwo" class="Report_selection_test" classname="Report_selection_test" file="/Applications/MAMP/htdocs/umpire/application/tests/models/Report_selection_test.php" line="101" assertions="1" time="0.004354"/>
      <testcase name="test_CreateReportSelectionUmpireTypeEnabledTwo" class="Report_selection_test" classname="Report_selection_test" file="/Applications/MAMP/htdocs/umpire/application/tests/models/Report_selection_test.php" line="114" assertions="1" time="0.004283"/>
      <testcase name="test_CreateReportSelectionRegionEnabledText" class="Report_selection_test" classname="Report_selection_test" file="/Applications/MAMP/htdocs/umpire/application/tests/models/Report_selection_test.php" line="127" assertions="1" time="0.004763"/>
      <testcase name="test_CreateReportSelectionLeagueEnabledText" class="Report_selection_test" classname="Report_selection_test" file="/Applications/MAMP/htdocs/umpire/application/tests/models/Report_selection_test.php" line="140" assertions="1" time="0.004400"/>
      <testcase name="test_CreateReportSelectionAgeGroupEnabledText" class="Report_selection_test" classname="Report_selection_test" file="/Applications/MAMP/htdocs/umpire/application/tests/models/Report_selection_test.php" line="153" assertions="1" time="0.004426"/>
      <testcase name="test_CreateReportSelectionUmpireTypeEnabledText" class="Report_selection_test" classname="Report_selection_test" file="/Applications/MAMP/htdocs/umpire/application/tests/models/Report_selection_test.php" line="166" assertions="1" time="0.004343"/>
      <testcase name="test_CreateReportSelectionIDName" class="Report_selection_test" classname="Report_selection_test" file="/Applications/MAMP/htdocs/umpire/application/tests/models/Report_selection_test.php" line="179" assertions="1" time="0.005276"/>
      <testcase name="test_CreateReportSelectionName" class="Report_selection_test" classname="Report_selection_test" file="/Applications/MAMP/htdocs/umpire/application/tests/models/Report_selection_test.php" line="188" assertions="1" time="0.004302"/>
      <testcase name="test_CreateReportSelectionRegion" class="Report_selection_test" classname="Report_selection_test" file="/Applications/MAMP/htdocs/umpire/application/tests/models/Report_selection_test.php" line="202" assertions="1" time="0.004176"/>
      <testcase name="test_CreateReportSelectionLeague" class="Report_selection_test" classname="Report_selection_test" file="/Applications/MAMP/htdocs/umpire/application/tests/models/Report_selection_test.php" line="216" assertions="1" time="0.004475"/>
      <testcase name="test_CreateReportSelectionAgeGroup" class="Report_selection_test" classname="Report_selection_test" file="/Applications/MAMP/htdocs/umpire/application/tests/models/Report_selection_test.php" line="230" assertions="1" time="0.004959"/>
      <testcase name="test_CreateReportSelectionUmpireType" class="Report_selection_test" classname="Report_selection_test" file="/Applications/MAMP/htdocs/umpire/application/tests/models/Report_selection_test.php" line="244" assertions="1" time="0.004470"/>
    </testsuite>
    <testsuite name="Requested_report_model_test" file="/Applications/MAMP/htdocs/umpire/application/tests/models/Requested_report_model_test.php" tests="10" assertions="10" errors="0" failures="0" skipped="0" time="0.045649">
      <testcase name="test_ReportNumber" class="Requested_report_model_test" classname="Requested_report_model_test" file="/Applications/MAMP/htdocs/umpire/application/tests/models/Requested_report_model_test.php" line="8" assertions="1" time="0.004385"/>
      <testcase name="test_Season" class="Requested_report_model_test" classname="Requested_report_model_test" file="/Applications/MAMP/htdocs/umpire/application/tests/models/Requested_report_model_test.php" line="23" assertions="1" time="0.005288"/>
      <testcase name="test_Region" class="Requested_report_model_test" classname="Requested_report_model_test" file="/Applications/MAMP/htdocs/umpire/application/tests/models/Requested_report_model_test.php" line="38" assertions="1" time="0.004424"/>
      <testcase name="test_AgeGroup" class="Requested_report_model_test" classname="Requested_report_model_test" file="/Applications/MAMP/htdocs/umpire/application/tests/models/Requested_report_model_test.php" line="53" assertions="1" time="0.004948"/>
      <testcase name="test_UmpireType" class="Requested_report_model_test" classname="Requested_report_model_test" file="/Applications/MAMP/htdocs/umpire/application/tests/models/Requested_report_model_test.php" line="68" assertions="1" time="0.004348"/>
      <testcase name="test_League" class="Requested_report_model_test" classname="Requested_report_model_test" file="/Applications/MAMP/htdocs/umpire/application/tests/models/Requested_report_model_test.php" line="83" assertions="1" time="0.004425"/>
      <testcase name="test_PDFMode" class="Requested_report_model_test" classname="Requested_report_model_test" file="/Applications/MAMP/htdocs/umpire/application/tests/models/Requested_report_model_test.php" line="98" assertions="1" time="0.004281"/>
      <testcase name="test_ReportNumberText" class="Requested_report_model_test" classname="Requested_report_model_test" file="/Applications/MAMP/htdocs/umpire/application/tests/models/Requested_report_model_test.php" line="113" assertions="1" time="0.004366"/>
      <testcase name="test_SeasonText" class="Requested_report_model_test" classname="Requested_report_model_test" file="/Applications/MAMP/htdocs/umpire/application/tests/models/Requested_report_model_test.php" line="126" assertions="1" time="0.004906"/>
      <testcase name="test_PDFModeText" class="Requested_report_model_test" classname="Requested_report_model_test" file="/Applications/MAMP/htdocs/umpire/application/tests/models/Requested_report_model_test.php" line="139" assertions="1" time="0.004278"/>
    </testsuite>
    <testsuite name="Season_test" file="/Applications/MAMP/htdocs/umpire/application/tests/models/Season_test.php" tests="8" assertions="9" errors="0" failures="0" skipped="0" time="0.036256">
      <testcase name="test_SeasonID" class="Season_test" classname="Season_test" file="/Applications/MAMP/htdocs/umpire/application/tests/models/Season_test.php" line="8" assertions="1" time="0.004355"/>
      <testcase name="test_SeasonIDText" class="Season_test" classname="Season_test" file="/Applications/MAMP/htdocs/umpire/application/tests/models/Season_test.php" line="17" assertions="1" time="0.004384"/>
      <testcase name="test_SeasonYearEarly" class="Season_test" classname="Season_test" file="/Applications/MAMP/htdocs/umpire/application/tests/models/Season_test.php" line="26" assertions="1" time="0.004359"/>
      <testcase name="test_SeasonYearMin" class="Season_test" classname="Season_test" file="/Applications/MAMP/htdocs/umpire/application/tests/models/Season_test.php" line="33" assertions="1" time="0.004769"/>
      <testcase name="test_SeasonYearRecent" class="Season_test" classname="Season_test" file="/Applications/MAMP/htdocs/umpire/application/tests/models/Season_test.php" line="42" assertions="1" time="0.005065"/>
      <testcase name="test_SeasonYearFuture" class="Season_test" classname="Season_test" file="/Applications/MAMP/htdocs/umpire/application/tests/models/Season_test.php" line="51" assertions="1" time="0.004408"/>
      <testcase name="test_SeasonYearText" class="Season_test" classname="Season_test" file="/Applications/MAMP/htdocs/umpire/application/tests/models/Season_test.php" line="60" assertions="1" time="0.004436"/>
      <testcase name="test_CreateSeasonFromID" class="Season_test" classname="Season_test" file="/Applications/MAMP/htdocs/umpire/application/tests/models/Season_test.php" line="67" assertions="2" time="0.004480"/>
    </testsuite>
    <testsuite name="Selectable_report_option_test" file="/Applications/MAMP/htdocs/umpire/application/tests/models/Selectable_report_option_test.php" tests="3" assertions="3" errors="0" failures="0" skipped="0" time="0.012898">
      <testcase name="test_OptionName" class="Selectable_report_option_test" classname="Selectable_report_option_test" file="/Applications/MAMP/htdocs/umpire/application/tests/models/Selectable_report_option_test.php" line="11" assertions="1" time="0.004278"/>
      <testcase name="test_OptionValue" class="Selectable_report_option_test" classname="Selectable_report_option_test" file="/Applications/MAMP/htdocs/umpire/application/tests/models/Selectable_report_option_test.php" line="17" assertions="1" time="0.004319"/>
      <testcase name="test_OptionDisplayOrder" class="Selectable_report_option_test" classname="Selectable_report_option_test" file="/Applications/MAMP/htdocs/umpire/application/tests/models/Selectable_report_option_test.php" line="23" assertions="1" time="0.004301"/>
    </testsuite>
    <testsuite name="Tabke_operation_test" file="/Applications/MAMP/htdocs/umpire/application/tests/models/Table_operation_test.php" tests="5" assertions="5" errors="0" failures="0" skipped="0" time="0.022586">
      <testcase name="test_ImportedFileID" class="Tabke_operation_test" classname="Tabke_operation_test" file="/Applications/MAMP/htdocs/umpire/application/tests/models/Table_operation_test.php" line="12" assertions="1" time="0.004289"/>
      <testcase name="test_ProcessedTableID" class="Tabke_operation_test" classname="Tabke_operation_test" file="/Applications/MAMP/htdocs/umpire/application/tests/models/Table_operation_test.php" line="18" assertions="1" time="0.004489"/>
      <testcase name="test_OperationID" class="Tabke_operation_test" classname="Tabke_operation_test" file="/Applications/MAMP/htdocs/umpire/application/tests/models/Table_operation_test.php" line="24" assertions="1" time="0.004402"/>
      <testcase name="test_OperationDateTime" class="Tabke_operation_test" classname="Tabke_operation_test" file="/Applications/MAMP/htdocs/umpire/application/tests/models/Table_operation_test.php" line="30" assertions="1" time="0.005190"/>
      <testcase name="test_RowCount" class="Tabke_operation_test" classname="Tabke_operation_test" file="/Applications/MAMP/htdocs/umpire/application/tests/models/Table_operation_test.php" line="36" assertions="1" time="0.004216"/>
    </testsuite>
    <testsuite name="Umpire_test" file="/Applications/MAMP/htdocs/umpire/application/tests/models/Umpire_test.php" tests="11" assertions="11" errors="0" failures="0" skipped="0" time="0.049172">
      <testcase name="test_ID" class="Umpire_test" classname="Umpire_test" file="/Applications/MAMP/htdocs/umpire/application/tests/models/Umpire_test.php" line="18" assertions="1" time="0.004694"/>
      <testcase name="test_FirstName" class="Umpire_test" classname="Umpire_test" file="/Applications/MAMP/htdocs/umpire/application/tests/models/Umpire_test.php" line="24" assertions="1" time="0.004357"/>
      <testcase name="test_LastName" class="Umpire_test" classname="Umpire_test" file="/Applications/MAMP/htdocs/umpire/application/tests/models/Umpire_test.php" line="30" assertions="1" time="0.004105"/>
      <testcase name="test_GamesPlayedPrior" class="Umpire_test" classname="Umpire_test" file="/Applications/MAMP/htdocs/umpire/application/tests/models/Umpire_test.php" line="37" assertions="1" time="0.004686"/>
      <testcase name="test_GamesPlayedPriorText" class="Umpire_test" classname="Umpire_test" file="/Applications/MAMP/htdocs/umpire/application/tests/models/Umpire_test.php" line="43" assertions="1" time="0.004306"/>
      <testcase name="test_GamesPlayedOtherLeagues" class="Umpire_test" classname="Umpire_test" file="/Applications/MAMP/htdocs/umpire/application/tests/models/Umpire_test.php" line="49" assertions="1" time="0.005038"/>
      <testcase name="test_GamesPlayedOtherLeaguesText" class="Umpire_test" classname="Umpire_test" file="/Applications/MAMP/htdocs/umpire/application/tests/models/Umpire_test.php" line="55" assertions="1" time="0.004419"/>
      <testcase name="test_OldGamesPlayedPrior" class="Umpire_test" classname="Umpire_test" file="/Applications/MAMP/htdocs/umpire/application/tests/models/Umpire_test.php" line="61" assertions="1" time="0.004292"/>
      <testcase name="test_OldGamesPlayedPriorText" class="Umpire_test" classname="Umpire_test" file="/Applications/MAMP/htdocs/umpire/application/tests/models/Umpire_test.php" line="67" assertions="1" time="0.004322"/>
      <testcase name="test_OldGamesPlayedOtherLeagues" class="Umpire_test" classname="Umpire_test" file="/Applications/MAMP/htdocs/umpire/application/tests/models/Umpire_test.php" line="73" assertions="1" time="0.004284"/>
      <testcase name="test_OldGamesPlayedOtherLeaguesText" class="Umpire_test" classname="Umpire_test" file="/Applications/MAMP/htdocs/umpire/application/tests/models/Umpire_test.php" line="79" assertions="1" time="0.004669"/>
    </testsuite>
    <testsuite name="User_authentication_model_test" file="/Applications/MAMP/htdocs/umpire/application/tests/models/User_authentication_model_test.php" tests="11" assertions="11" errors="0" failures="0" skipped="0" time="0.052895">
      <testcase name="test_Login_ValidOneResult" class="User_authentication_model_test" classname="User_authentication_model_test" file="/Applications/MAMP/htdocs/umpire/application/tests/models/User_authentication_model_test.php" line="10" assertions="1" time="0.007358"/>
      <testcase name="test_Login_ValidTwoResults" class="User_authentication_model_test" classname="User_authentication_model_test" file="/Applications/MAMP/htdocs/umpire/application/tests/models/User_authentication_model_test.php" line="26" assertions="1" time="0.005004"/>
      <testcase name="test_Login_InvalidPassword" class="User_authentication_model_test" classname="User_authentication_model_test" file="/Applications/MAMP/htdocs/umpire/application/tests/models/User_authentication_model_test.php" line="42" assertions="1" time="0.004344"/>
      <testcase name="test_Login_NoPassword" class="User_authentication_model_test" classname="User_authentication_model_test" file="/Applications/MAMP/htdocs/umpire/application/tests/models/User_authentication_model_test.php" line="53" assertions="1" time="0.004427"/>
      <testcase name="test_Login_UsernameButNoPassword" class="User_authentication_model_test" classname="User_authentication_model_test" file="/Applications/MAMP/htdocs/umpire/application/tests/models/User_authentication_model_test.php" line="69" assertions="1" time="0.004702"/>
      <testcase name="test_Login_NoUsernameAndNoPassword" class="User_authentication_model_test" classname="User_authentication_model_test" file="/Applications/MAMP/htdocs/umpire/application/tests/models/User_authentication_model_test.php" line="80" assertions="1" time="0.004636"/>
      <testcase name="test_CheckUserActive_OneActive" class="User_authentication_model_test" classname="User_authentication_model_test" file="/Applications/MAMP/htdocs/umpire/application/tests/models/User_authentication_model_test.php" line="91" assertions="1" time="0.004428"/>
      <testcase name="test_CheckUserActive_OneInactive" class="User_authentication_model_test" classname="User_authentication_model_test" file="/Applications/MAMP/htdocs/umpire/application/tests/models/User_authentication_model_test.php" line="100" assertions="1" time="0.004737"/>
      <testcase name="test_CheckUserActive_TwoActive" class="User_authentication_model_test" classname="User_authentication_model_test" file="/Applications/MAMP/htdocs/umpire/application/tests/models/User_authentication_model_test.php" line="109" assertions="1" time="0.004434"/>
      <testcase name="test_CheckUserActive_TwoButOneActive" class="User_authentication_model_test" classname="User_authentication_model_test" file="/Applications/MAMP/htdocs/umpire/application/tests/models/User_authentication_model_test.php" line="118" assertions="1" time="0.004576"/>
      <testcase name="test_CheckUserActive_NoUsername" class="User_authentication_model_test" classname="User_authentication_model_test" file="/Applications/MAMP/htdocs/umpire/application/tests/models/User_authentication_model_test.php" line="127" assertions="1" time="0.004249"/>
    </testsuite>
    <testsuite name="User_maintenance_model_test" file="/Applications/MAMP/htdocs/umpire/application/tests/models/User_maintenance_model_test.php" tests="36" assertions="36" errors="0" failures="0" skipped="0" time="0.170882">
      <testcase name="testValidatePassword" class="User_maintenance_model_test" classname="User_maintenance_model_test" file="/Applications/MAMP/htdocs/umpire/application/tests/models/User_maintenance_model_test.php" line="11" assertions="1" time="0.004978"/>
      <testcase name="testValidatePasswordNoMatch" class="User_maintenance_model_test" classname="User_maintenance_model_test" file="/Applications/MAMP/htdocs/umpire/application/tests/models/User_maintenance_model_test.php" line="19" assertions="1" time="0.004344"/>
      <testcase name="testValidatePasswordNoMatchAndShort" class="User_maintenance_model_test" classname="User_maintenance_model_test" file="/Applications/MAMP/htdocs/umpire/application/tests/models/User_maintenance_model_test.php" line="27" assertions="1" time="0.004489"/>
      <testcase name="testValidatePasswordShortMatch" class="User_maintenance_model_test" classname="User_maintenance_model_test" file="/Applications/MAMP/htdocs/umpire/application/tests/models/User_maintenance_model_test.php" line="35" assertions="1" time="0.004480"/>
      <testcase name="test_CheckUserExistsForReset" class="User_maintenance_model_test" classname="User_maintenance_model_test" file="/Applications/MAMP/htdocs/umpire/application/tests/models/User_maintenance_model_test.php" line="43" assertions="1" time="0.004476"/>
      <testcase name="test_CheckUserExistsForReset_NoMatch" class="User_maintenance_model_test" classname="User_maintenance_model_test" file="/Applications/MAMP/htdocs/umpire/application/tests/models/User_maintenance_model_test.php" line="52" assertions="1" time="0.004415"/>
      <testcase name="test_CheckUserExistsForReset_TwoRecordsMatch" class="User_maintenance_model_test" classname="User_maintenance_model_test" file="/Applications/MAMP/htdocs/umpire/application/tests/models/User_maintenance_model_test.php" line="61" assertions="1" time="0.005453"/>
      <testcase name="test_CheckUserExistsForReset_UserMatchEmailNoMatch" class="User_maintenance_model_test" classname="User_maintenance_model_test" file="/Applications/MAMP/htdocs/umpire/application/tests/models/User_maintenance_model_test.php" line="70" assertions="1" time="0.004498"/>
      <testcase name="test_CheckUserExistsForReset_UserNoMatchEmailMatch" class="User_maintenance_model_test" classname="User_maintenance_model_test" file="/Applications/MAMP/htdocs/umpire/application/tests/models/User_maintenance_model_test.php" line="79" assertions="1" time="0.004579"/>
      <testcase name="test_LogPasswordResetRequest" class="User_maintenance_model_test" classname="User_maintenance_model_test" file="/Applications/MAMP/htdocs/umpire/application/tests/models/User_maintenance_model_test.php" line="88" assertions="1" time="0.004686"/>
      <testcase name="test_LogPasswordResetRequest_MissingUsername" class="User_maintenance_model_test" classname="User_maintenance_model_test" file="/Applications/MAMP/htdocs/umpire/application/tests/models/User_maintenance_model_test.php" line="106" assertions="1" time="0.004681"/>
      <testcase name="test_StoreActivationID" class="User_maintenance_model_test" classname="User_maintenance_model_test" file="/Applications/MAMP/htdocs/umpire/application/tests/models/User_maintenance_model_test.php" line="124" assertions="1" time="0.004790"/>
      <testcase name="test_StoreActivationID_UserNotFound" class="User_maintenance_model_test" classname="User_maintenance_model_test" file="/Applications/MAMP/htdocs/umpire/application/tests/models/User_maintenance_model_test.php" line="134" assertions="1" time="0.004390"/>
      <testcase name="test_CreateUserFromActivationID" class="User_maintenance_model_test" classname="User_maintenance_model_test" file="/Applications/MAMP/htdocs/umpire/application/tests/models/User_maintenance_model_test.php" line="144" assertions="1" time="0.005402"/>
      <testcase name="test_CreateUserFromActivationID_NotFound" class="User_maintenance_model_test" classname="User_maintenance_model_test" file="/Applications/MAMP/htdocs/umpire/application/tests/models/User_maintenance_model_test.php" line="155" assertions="1" time="0.004458"/>
      <testcase name="test_CreateUserFromActivationID_TwoUsersFound" class="User_maintenance_model_test" classname="User_maintenance_model_test" file="/Applications/MAMP/htdocs/umpire/application/tests/models/User_maintenance_model_test.php" line="167" assertions="1" time="0.004344"/>
      <testcase name="test_UpdatePassword" class="User_maintenance_model_test" classname="User_maintenance_model_test" file="/Applications/MAMP/htdocs/umpire/application/tests/models/User_maintenance_model_test.php" line="179" assertions="1" time="0.004630"/>
      <testcase name="test_UpdatePassword_SamePW" class="User_maintenance_model_test" classname="User_maintenance_model_test" file="/Applications/MAMP/htdocs/umpire/application/tests/models/User_maintenance_model_test.php" line="189" assertions="1" time="0.004609"/>
      <testcase name="test_UpdatePassword_Empty" class="User_maintenance_model_test" classname="User_maintenance_model_test" file="/Applications/MAMP/htdocs/umpire/application/tests/models/User_maintenance_model_test.php" line="199" assertions="1" time="0.004868"/>
      <testcase name="test_UpdatePassword_Null" class="User_maintenance_model_test" classname="User_maintenance_model_test" file="/Applications/MAMP/htdocs/umpire/application/tests/models/User_maintenance_model_test.php" line="208" assertions="1" time="0.004506"/>
      <testcase name="test_UpdatePassword_UserNotFound" class="User_maintenance_model_test" classname="User_maintenance_model_test" file="/Applications/MAMP/htdocs/umpire/application/tests/models/User_maintenance_model_test.php" line="219" assertions="1" time="0.005734"/>
      <testcase name="test_UpdatePassword_TwoUsersFound" class="User_maintenance_model_test" classname="User_maintenance_model_test" file="/Applications/MAMP/htdocs/umpire/application/tests/models/User_maintenance_model_test.php" line="228" assertions="1" time="0.004429"/>
      <testcase name="test_Validate_UserExists" class="User_maintenance_model_test" classname="User_maintenance_model_test" file="/Applications/MAMP/htdocs/umpire/application/tests/models/User_maintenance_model_test.php" line="240" assertions="1" time="0.006766"/>
      <testcase name="test_Validate_UserExistsButWrongPW" class="User_maintenance_model_test" classname="User_maintenance_model_test" file="/Applications/MAMP/htdocs/umpire/application/tests/models/User_maintenance_model_test.php" line="250" assertions="1" time="0.004567"/>
      <testcase name="test_Validate_MissingUsername" class="User_maintenance_model_test" classname="User_maintenance_model_test" file="/Applications/MAMP/htdocs/umpire/application/tests/models/User_maintenance_model_test.php" line="260" assertions="1" time="0.004570"/>
      <testcase name="test_Validate_EmptyValues" class="User_maintenance_model_test" classname="User_maintenance_model_test" file="/Applications/MAMP/htdocs/umpire/application/tests/models/User_maintenance_model_test.php" line="270" assertions="1" time="0.005152"/>
      <testcase name="test_Validate_EmptyPassword" class="User_maintenance_model_test" classname="User_maintenance_model_test" file="/Applications/MAMP/htdocs/umpire/application/tests/models/User_maintenance_model_test.php" line="280" assertions="1" time="0.005389"/>
      <testcase name="test_Validate_NullValues" class="User_maintenance_model_test" classname="User_maintenance_model_test" file="/Applications/MAMP/htdocs/umpire/application/tests/models/User_maintenance_model_test.php" line="291" assertions="1" time="0.004541"/>
      <testcase name="test_Validate_TwoResults" class="User_maintenance_model_test" classname="User_maintenance_model_test" file="/Applications/MAMP/htdocs/umpire/application/tests/models/User_maintenance_model_test.php" line="302" assertions="1" time="0.004647"/>
      <testcase name="test_Validate_SQLInjection" class="User_maintenance_model_test" classname="User_maintenance_model_test" file="/Applications/MAMP/htdocs/umpire/application/tests/models/User_maintenance_model_test.php" line="314" assertions="1" time="0.004692"/>
      <testcase name="test_Validate_SQLInjectionCreate" class="User_maintenance_model_test" classname="User_maintenance_model_test" file="/Applications/MAMP/htdocs/umpire/application/tests/models/User_maintenance_model_test.php" line="324" assertions="1" time="0.004748"/>
      <testcase name="test_UpdateEmailAddress" class="User_maintenance_model_test" classname="User_maintenance_model_test" file="/Applications/MAMP/htdocs/umpire/application/tests/models/User_maintenance_model_test.php" line="334" assertions="1" time="0.004392"/>
      <testcase name="test_UpdateEmailAddress_EmailEmpty" class="User_maintenance_model_test" classname="User_maintenance_model_test" file="/Applications/MAMP/htdocs/umpire/application/tests/models/User_maintenance_model_test.php" line="343" assertions="1" time="0.004497"/>
      <testcase name="test_UpdateEmailAddress_EmailNull" class="User_maintenance_model_test" classname="User_maintenance_model_test" file="/Applications/MAMP/htdocs/umpire/application/tests/models/User_maintenance_model_test.php" line="352" assertions="1" time="0.004635"/>
      <testcase name="test_UpdateEmailAddress_UserNotFound" class="User_maintenance_model_test" classname="User_maintenance_model_test" file="/Applications/MAMP/htdocs/umpire/application/tests/models/User_maintenance_model_test.php" line="361" assertions="1" time="0.004353"/>
      <testcase name="test_UpdateEmailAddress_TwoUsersFound" class="User_maintenance_model_test" classname="User_maintenance_model_test" file="/Applications/MAMP/htdocs/umpire/application/tests/models/User_maintenance_model_test.php" line="370" assertions="1" time="0.004694"/>
    </testsuite>
    <testsuite name="User_permission_loader_model_test" file="/Applications/MAMP/htdocs/umpire/application/tests/models/User_permission_loader_model_test.php" tests="16" assertions="20" errors="0" failures="0" skipped="0" time="0.077204">
      <testcase name="test_getUserFromUsername" class="User_permission_loader_model_test" classname="User_permission_loader_model_test" file="/Applications/MAMP/htdocs/umpire/application/tests/models/User_permission_loader_model_test.php" line="11" assertions="3" time="0.005943"/>
      <testcase name="test_getUserFromUsername_UserNotFound" class="User_permission_loader_model_test" classname="User_permission_loader_model_test" file="/Applications/MAMP/htdocs/umpire/application/tests/models/User_permission_loader_model_test.php" line="23" assertions="1" time="0.004305"/>
      <testcase name="test_getUserFromUsername_TwoUsers" class="User_permission_loader_model_test" classname="User_permission_loader_model_test" file="/Applications/MAMP/htdocs/umpire/application/tests/models/User_permission_loader_model_test.php" line="31" assertions="3" time="0.004339"/>
      <testcase name="test_UserHasSpecificPermission" class="User_permission_loader_model_test" classname="User_permission_loader_model_test" file="/Applications/MAMP/htdocs/umpire/application/tests/models/User_permission_loader_model_test.php" line="43" assertions="1" time="0.004660"/>
      <testcase name="test_UserHasSpecificPermission_SelectionNotInArray" class="User_permission_loader_model_test" classname="User_permission_loader_model_test" file="/Applications/MAMP/htdocs/umpire/application/tests/models/User_permission_loader_model_test.php" line="54" assertions="1" time="0.004479"/>
      <testcase name="test_UserHasSpecificPermission_PermissionNotInArray" class="User_permission_loader_model_test" classname="User_permission_loader_model_test" file="/Applications/MAMP/htdocs/umpire/application/tests/models/User_permission_loader_model_test.php" line="65" assertions="1" time="0.004656"/>
      <testcase name="test_UserHasSpecificPermission_Empty" class="User_permission_loader_model_test" classname="User_permission_loader_model_test" file="/Applications/MAMP/htdocs/umpire/application/tests/models/User_permission_loader_model_test.php" line="76" assertions="1" time="0.004819"/>
      <testcase name="test_UserHasSpecificPermission_Null" class="User_permission_loader_model_test" classname="User_permission_loader_model_test" file="/Applications/MAMP/htdocs/umpire/application/tests/models/User_permission_loader_model_test.php" line="87" assertions="1" time="0.005486"/>
      <testcase name="test_UserHasImportFilePermission" class="User_permission_loader_model_test" classname="User_permission_loader_model_test" file="/Applications/MAMP/htdocs/umpire/application/tests/models/User_permission_loader_model_test.php" line="98" assertions="1" time="0.004476"/>
      <testcase name="test_UserHasImportFilePermission_No" class="User_permission_loader_model_test" classname="User_permission_loader_model_test" file="/Applications/MAMP/htdocs/umpire/application/tests/models/User_permission_loader_model_test.php" line="107" assertions="1" time="0.004567"/>
      <testcase name="test_UserCanSeeAdminPage" class="User_permission_loader_model_test" classname="User_permission_loader_model_test" file="/Applications/MAMP/htdocs/umpire/application/tests/models/User_permission_loader_model_test.php" line="116" assertions="1" time="0.004839"/>
      <testcase name="test_UserCanSeeAdminPage_No" class="User_permission_loader_model_test" classname="User_permission_loader_model_test" file="/Applications/MAMP/htdocs/umpire/application/tests/models/User_permission_loader_model_test.php" line="125" assertions="1" time="0.004785"/>
      <testcase name="test_UserCanSeeDataTestPage" class="User_permission_loader_model_test" classname="User_permission_loader_model_test" file="/Applications/MAMP/htdocs/umpire/application/tests/models/User_permission_loader_model_test.php" line="134" assertions="1" time="0.005596"/>
      <testcase name="test_UserCanSeeDataTest_No" class="User_permission_loader_model_test" classname="User_permission_loader_model_test" file="/Applications/MAMP/htdocs/umpire/application/tests/models/User_permission_loader_model_test.php" line="143" assertions="1" time="0.005257"/>
      <testcase name="test_UserCanCreatePDF" class="User_permission_loader_model_test" classname="User_permission_loader_model_test" file="/Applications/MAMP/htdocs/umpire/application/tests/models/User_permission_loader_model_test.php" line="152" assertions="1" time="0.004519"/>
      <testcase name="test_UserCanCreatePDF_No" class="User_permission_loader_model_test" classname="User_permission_loader_model_test" file="/Applications/MAMP/htdocs/umpire/application/tests/models/User_permission_loader_model_test.php" line="161" assertions="1" time="0.004478"/>
    </testsuite>
    <testsuite name="User_role_permission_test" file="/Applications/MAMP/htdocs/umpire/application/tests/models/User_role_permission_test.php" tests="6" assertions="9" errors="0" failures="0" skipped="0" time="0.028012">
      <testcase name="test_ID" class="User_role_permission_test" classname="User_role_permission_test" file="/Applications/MAMP/htdocs/umpire/application/tests/models/User_role_permission_test.php" line="11" assertions="1" time="0.004502"/>
      <testcase name="test_PermissionId" class="User_role_permission_test" classname="User_role_permission_test" file="/Applications/MAMP/htdocs/umpire/application/tests/models/User_role_permission_test.php" line="17" assertions="1" time="0.004308"/>
      <testcase name="test_PermissionName" class="User_role_permission_test" classname="User_role_permission_test" file="/Applications/MAMP/htdocs/umpire/application/tests/models/User_role_permission_test.php" line="24" assertions="1" time="0.004280"/>
      <testcase name="test_SelectionName" class="User_role_permission_test" classname="User_role_permission_test" file="/Applications/MAMP/htdocs/umpire/application/tests/models/User_role_permission_test.php" line="31" assertions="1" time="0.005055"/>
      <testcase name="test_CreateFromRow" class="User_role_permission_test" classname="User_role_permission_test" file="/Applications/MAMP/htdocs/umpire/application/tests/models/User_role_permission_test.php" line="37" assertions="4" time="0.005639"/>
      <testcase name="test_CreateFromRowNullData" class="User_role_permission_test" classname="User_role_permission_test" file="/Applications/MAMP/htdocs/umpire/application/tests/models/User_role_permission_test.php" line="56" assertions="1" time="0.004228"/>
    </testsuite>
    <testsuite name="User_test" file="/Applications/MAMP/htdocs/umpire/application/tests/models/User_test.php" tests="55" assertions="74" errors="0" failures="0" skipped="0" time="0.252386">
      <testcase name="test_ID" class="User_test" classname="User_test" file="/Applications/MAMP/htdocs/umpire/application/tests/models/User_test.php" line="11" assertions="1" time="0.004333"/>
      <testcase name="test_IDNull" class="User_test" classname="User_test" file="/Applications/MAMP/htdocs/umpire/application/tests/models/User_test.php" line="17" assertions="1" time="0.004448"/>
      <testcase name="test_IDEmptyString" class="User_test" classname="User_test" file="/Applications/MAMP/htdocs/umpire/application/tests/models/User_test.php" line="23" assertions="1" time="0.004462"/>
      <testcase name="test_Username" class="User_test" classname="User_test" file="/Applications/MAMP/htdocs/umpire/application/tests/models/User_test.php" line="29" assertions="1" time="0.004295"/>
      <testcase name="test_Username255" class="User_test" classname="User_test" file="/Applications/MAMP/htdocs/umpire/application/tests/models/User_test.php" line="35" assertions="1" time="0.004738"/>
      <testcase name="test_Username256" class="User_test" classname="User_test" file="/Applications/MAMP/htdocs/umpire/application/tests/models/User_test.php" line="41" assertions="1" time="0.004403"/>
      <testcase name="test_Username300" class="User_test" classname="User_test" file="/Applications/MAMP/htdocs/umpire/application/tests/models/User_test.php" line="47" assertions="1" time="0.004257"/>
      <testcase name="test_UsernameNull" class="User_test" classname="User_test" file="/Applications/MAMP/htdocs/umpire/application/tests/models/User_test.php" line="53" assertions="1" time="0.004460"/>
      <testcase name="test_UsernameEmptyString" class="User_test" classname="User_test" file="/Applications/MAMP/htdocs/umpire/application/tests/models/User_test.php" line="59" assertions="1" time="0.005332"/>
      <testcase name="test_Password" class="User_test" classname="User_test" file="/Applications/MAMP/htdocs/umpire/application/tests/models/User_test.php" line="65" assertions="1" time="0.004354"/>
      <testcase name="test_PasswordNull" class="User_test" classname="User_test" file="/Applications/MAMP/htdocs/umpire/application/tests/models/User_test.php" line="71" assertions="1" time="0.004264"/>
      <testcase name="test_PasswordEmpty" class="User_test" classname="User_test" file="/Applications/MAMP/htdocs/umpire/application/tests/models/User_test.php" line="77" assertions="1" time="0.004485"/>
      <testcase name="test_FirstName" class="User_test" classname="User_test" file="/Applications/MAMP/htdocs/umpire/application/tests/models/User_test.php" line="83" assertions="1" time="0.004852"/>
      <testcase name="test_FirstNameNull" class="User_test" classname="User_test" file="/Applications/MAMP/htdocs/umpire/application/tests/models/User_test.php" line="89" assertions="1" time="0.004443"/>
      <testcase name="test_FirstNameEmpty" class="User_test" classname="User_test" file="/Applications/MAMP/htdocs/umpire/application/tests/models/User_test.php" line="95" assertions="1" time="0.004422"/>
      <testcase name="test_LastName" class="User_test" classname="User_test" file="/Applications/MAMP/htdocs/umpire/application/tests/models/User_test.php" line="101" assertions="1" time="0.005230"/>
      <testcase name="test_LastNameNull" class="User_test" classname="User_test" file="/Applications/MAMP/htdocs/umpire/application/tests/models/User_test.php" line="107" assertions="1" time="0.004425"/>
      <testcase name="test_LastNameEmpty" class="User_test" classname="User_test" file="/Applications/MAMP/htdocs/umpire/application/tests/models/User_test.php" line="113" assertions="1" time="0.004460"/>
      <testcase name="test_RoleName" class="User_test" classname="User_test" file="/Applications/MAMP/htdocs/umpire/application/tests/models/User_test.php" line="119" assertions="1" time="0.004488"/>
      <testcase name="test_RoleNameNull" class="User_test" classname="User_test" file="/Applications/MAMP/htdocs/umpire/application/tests/models/User_test.php" line="125" assertions="1" time="0.004424"/>
      <testcase name="test_RoleNameEmpty" class="User_test" classname="User_test" file="/Applications/MAMP/htdocs/umpire/application/tests/models/User_test.php" line="131" assertions="1" time="0.004742"/>
      <testcase name="test_SubRoleName" class="User_test" classname="User_test" file="/Applications/MAMP/htdocs/umpire/application/tests/models/User_test.php" line="137" assertions="1" time="0.004320"/>
      <testcase name="test_SubRoleNameNull" class="User_test" classname="User_test" file="/Applications/MAMP/htdocs/umpire/application/tests/models/User_test.php" line="143" assertions="1" time="0.005368"/>
      <testcase name="test_SubRoleNameEmpty" class="User_test" classname="User_test" file="/Applications/MAMP/htdocs/umpire/application/tests/models/User_test.php" line="149" assertions="1" time="0.004436"/>
      <testcase name="test_PasswordResetURL" class="User_test" classname="User_test" file="/Applications/MAMP/htdocs/umpire/application/tests/models/User_test.php" line="156" assertions="1" time="0.004525"/>
      <testcase name="test_PasswordResetURLNotURL" class="User_test" classname="User_test" file="/Applications/MAMP/htdocs/umpire/application/tests/models/User_test.php" line="162" assertions="1" time="0.004492"/>
      <testcase name="test_PasswordResetURLNumber" class="User_test" classname="User_test" file="/Applications/MAMP/htdocs/umpire/application/tests/models/User_test.php" line="168" assertions="1" time="0.004458"/>
      <testcase name="test_PasswordResetURLNull" class="User_test" classname="User_test" file="/Applications/MAMP/htdocs/umpire/application/tests/models/User_test.php" line="174" assertions="1" time="0.004456"/>
      <testcase name="test_PasswordResetURLEmpty" class="User_test" classname="User_test" file="/Applications/MAMP/htdocs/umpire/application/tests/models/User_test.php" line="180" assertions="1" time="0.004853"/>
      <testcase name="test_EmailAddress" class="User_test" classname="User_test" file="/Applications/MAMP/htdocs/umpire/application/tests/models/User_test.php" line="186" assertions="1" time="0.005487"/>
      <testcase name="test_EmailAddress255" class="User_test" classname="User_test" file="/Applications/MAMP/htdocs/umpire/application/tests/models/User_test.php" line="192" assertions="1" time="0.004331"/>
      <testcase name="test_EmailAddress256" class="User_test" classname="User_test" file="/Applications/MAMP/htdocs/umpire/application/tests/models/User_test.php" line="198" assertions="1" time="0.004445"/>
      <testcase name="test_EmailAddress300" class="User_test" classname="User_test" file="/Applications/MAMP/htdocs/umpire/application/tests/models/User_test.php" line="204" assertions="1" time="0.004506"/>
      <testcase name="test_EmailAddressNull" class="User_test" classname="User_test" file="/Applications/MAMP/htdocs/umpire/application/tests/models/User_test.php" line="210" assertions="1" time="0.004314"/>
      <testcase name="test_EmailAddressEmptyString" class="User_test" classname="User_test" file="/Applications/MAMP/htdocs/umpire/application/tests/models/User_test.php" line="216" assertions="1" time="0.004558"/>
      <testcase name="test_ActivationID" class="User_test" classname="User_test" file="/Applications/MAMP/htdocs/umpire/application/tests/models/User_test.php" line="222" assertions="1" time="0.004415"/>
      <testcase name="test_ActivationID200" class="User_test" classname="User_test" file="/Applications/MAMP/htdocs/umpire/application/tests/models/User_test.php" line="228" assertions="1" time="0.004536"/>
      <testcase name="test_ActivationID201" class="User_test" classname="User_test" file="/Applications/MAMP/htdocs/umpire/application/tests/models/User_test.php" line="234" assertions="1" time="0.004561"/>
      <testcase name="test_ActivationID300" class="User_test" classname="User_test" file="/Applications/MAMP/htdocs/umpire/application/tests/models/User_test.php" line="240" assertions="1" time="0.004472"/>
      <testcase name="test_ActivationIDNull" class="User_test" classname="User_test" file="/Applications/MAMP/htdocs/umpire/application/tests/models/User_test.php" line="246" assertions="1" time="0.005105"/>
      <testcase name="test_ActivationIDEmptyString" class="User_test" classname="User_test" file="/Applications/MAMP/htdocs/umpire/application/tests/models/User_test.php" line="252" assertions="1" time="0.004492"/>
      <testcase name="test_Active0" class="User_test" classname="User_test" file="/Applications/MAMP/htdocs/umpire/application/tests/models/User_test.php" line="258" assertions="1" time="0.004350"/>
      <testcase name="test_Active1" class="User_test" classname="User_test" file="/Applications/MAMP/htdocs/umpire/application/tests/models/User_test.php" line="265" assertions="1" time="0.004589"/>
      <testcase name="test_ActiveEmpty" class="User_test" classname="User_test" file="/Applications/MAMP/htdocs/umpire/application/tests/models/User_test.php" line="272" assertions="1" time="0.004436"/>
      <testcase name="test_ActiveNull" class="User_test" classname="User_test" file="/Applications/MAMP/htdocs/umpire/application/tests/models/User_test.php" line="279" assertions="1" time="0.004801"/>
      <testcase name="test_Active0String" class="User_test" classname="User_test" file="/Applications/MAMP/htdocs/umpire/application/tests/models/User_test.php" line="286" assertions="1" time="0.004373"/>
      <testcase name="test_Active1String" class="User_test" classname="User_test" file="/Applications/MAMP/htdocs/umpire/application/tests/models/User_test.php" line="293" assertions="1" time="0.005209"/>
      <testcase name="test_Active2" class="User_test" classname="User_test" file="/Applications/MAMP/htdocs/umpire/application/tests/models/User_test.php" line="300" assertions="1" time="0.004719"/>
      <testcase name="test_ActiveTextValue" class="User_test" classname="User_test" file="/Applications/MAMP/htdocs/umpire/application/tests/models/User_test.php" line="306" assertions="1" time="0.004402"/>
      <testcase name="test_CreateUserFromNameAndRole" class="User_test" classname="User_test" file="/Applications/MAMP/htdocs/umpire/application/tests/models/User_test.php" line="313" assertions="8" time="0.004448"/>
      <testcase name="test_CreateUserFromNameAndPW" class="User_test" classname="User_test" file="/Applications/MAMP/htdocs/umpire/application/tests/models/User_test.php" line="334" assertions="5" time="0.004460"/>
      <testcase name="test_CreateUserFromNameAndPW_MissingUsername" class="User_test" classname="User_test" file="/Applications/MAMP/htdocs/umpire/application/tests/models/User_test.php" line="350" assertions="5" time="0.004454"/>
      <testcase name="test_CreateUserFromNameAndPW_MissingFirstname" class="User_test" classname="User_test" file="/Applications/MAMP/htdocs/umpire/application/tests/models/User_test.php" line="366" assertions="5" time="0.004994"/>
      <testcase name="test_SetPermissionArray" class="User_test" classname="User_test" file="/Applications/MAMP/htdocs/umpire/application/tests/models/User_test.php" line="382" assertions="1" time="0.005295"/>
      <testcase name="test_SetPermissionArray_Empty" class="User_test" classname="User_test" file="/Applications/MAMP/htdocs/umpire/application/tests/models/User_test.php" line="397" assertions="1" time="0.004410"/>
    </testsuite>
  </testsuite>
</testsuites>
